<?xml version="1.0" encoding="UTF-8"?>
<!-- Generated by org.testng.reporters.JUnitReportReporter -->
<testsuite hostname="BA-00004674" failures="0" tests="1" name="test.Test_NG_Demo" time="5.626" errors="0" timestamp="2020-05-19T14:02:43 WIB" skipped="0">
  <testcase classname="test.Test_NG_Demo" name="googleSearch" time="5.626"/>
  <system-out/>
</testsuite> <!-- test.Test_NG_Demo -->
