<?xml version="1.0" encoding="UTF-8"?>
<!-- Generated by org.testng.reporters.JUnitReportReporter -->
<testsuite hostname="BA-00004674.local" failures="0" tests="4" name="login.loginTest" time="59.583" errors="0" timestamp="2020-05-20T17:18:35 WIB" skipped="0">
  <testcase classname="login.loginTest" name="LG_01" time="17.920"/>
  <system-out/>
  <testcase classname="login.loginTest" name="LG_02" time="10.512"/>
  <system-out/>
  <testcase classname="login.loginTest" name="LG_03" time="15.613"/>
  <system-out/>
  <testcase classname="login.loginTest" name="LG_04" time="15.538"/>
  <system-out/>
</testsuite> <!-- login.loginTest -->
