<?xml version="1.0" encoding="UTF-8"?>
<!-- Generated by org.testng.reporters.JUnitReportReporter -->
<testsuite hostname="BA-00004674.local" failures="0" tests="3" name="download.downloadEmail" time="75.807" errors="0" timestamp="2020-05-20T17:18:35 WIB" skipped="0">
  <testcase classname="download.downloadEmail" name="DWLD_01" time="22.415"/>
  <system-out/>
  <testcase classname="download.downloadEmail" name="DWLD_02" time="31.966"/>
  <system-out/>
  <testcase classname="download.downloadEmail" name="DWLD_03" time="21.426"/>
  <system-out/>
</testsuite> <!-- download.downloadEmail -->
