<?xml version="1.0" encoding="UTF-8"?>
<!-- Generated by org.testng.reporters.JUnitReportReporter -->
<testsuite hostname="BA-00004674" failures="0" tests="1" name="login.LG_02" time="10.242" errors="0" timestamp="2020-05-20T09:58:20 WIB" skipped="0">
  <testcase classname="login.LG_02" name="test" time="10.242"/>
  <system-out/>
</testsuite> <!-- login.LG_02 -->
