<?xml version="1.0" encoding="UTF-8"?>
<!-- Generated by org.testng.reporters.JUnitReportReporter -->
<testsuite hostname="BA-00004674.local" failures="0" tests="1" name="account.settingAccount" time="29.509" errors="0" timestamp="2020-05-20T17:18:35 WIB" skipped="0">
  <testcase classname="account.settingAccount" name="ACCN_01" time="29.509"/>
  <system-out/>
</testsuite> <!-- account.settingAccount -->
