<?xml version="1.0" encoding="UTF-8"?>
<!-- Generated by org.testng.reporters.JUnitReportReporter -->
<testsuite hostname="BA-00004674.local" failures="0" tests="2" name="test.ExtentReportDemoWithTestNg" time="4.484" errors="0" timestamp="2020-05-05T18:30:28 WIB" skipped="0">
  <testcase classname="test.ExtentReportDemoWithTestNg" name="test1" time="4.478"/>
  <system-out/>
  <testcase classname="test.ExtentReportDemoWithTestNg" name="test2" time="0.006"/>
  <system-out/>
</testsuite> <!-- test.ExtentReportDemoWithTestNg -->
